[11:29:06.008][info] [#0:/home/vxy/.config/coc/extensions/coc-lua-data/lua-language-server/main.lua:68]: Lua Lsp startup, root: 	/home/vxy/.config/coc/extensions/coc-lua-data/lua-language-server
[11:29:06.008][info] [#0:/home/vxy/.config/coc/extensions/coc-lua-data/lua-language-server/main.lua:69]: ROOT:	/home/vxy/.config/coc/extensions/coc-lua-data/lua-language-server
[11:29:06.008][info] [#0:/home/vxy/.config/coc/extensions/coc-lua-data/lua-language-server/main.lua:70]: LOGPATH:	/home/vxy/.config/coc/extensions/coc-lua-data/lua-language-server/log
[11:29:06.008][info] [#0:/home/vxy/.config/coc/extensions/coc-lua-data/lua-language-server/main.lua:71]: METAPATH:	/home/vxy/.config/coc/extensions/coc-lua-data/lua-language-server/meta
[11:29:06.009][info] [#0:/home/vxy/.config/coc/extensions/coc-lua-data/lua-language-server/main.lua:72]: VERSION:	3.13.5
[11:29:06.098][info] [#0:script/proto/proto.lua:260]: Listen Mode: stdio
[11:29:06.098][info] [#0:script/service/service.lua:145]: 
========= Medical Examination Report =========
    --------------- Memory ---------------
        Total: 2.254 MB
        # 00 : 2.254 MB
        # 01 : 0.000 MB
        # 02 : 0.000 MB
        # 03 : 0.000 MB
        # 04 : 0.000 MB
    --------------- Coroutine ---------------
        Total:     0
        Running:   0
        Suspended: 0
        Normal:    0
        Dead:      0
    --------------- Cache ---------------
        Total: 1
        Dead:  0
    ---------------  RPC  ---------------
        Holdon:   0
        Waiting:  0
==============================================
[11:29:06.216][info] [#0:script/client.lua:657]: Client init	{
  capabilities = {
    general = {
      markdown = {
        parser = "marked",
        version = "7.0.5"
      },
      positionEncodings = { "utf-16" },
      regularExpressions = {
        engine = "ECMAScript",
        version = "ES2020"
      },
      staleRequestSupport = {
        cancel = true,
        retryOnContentModified = { "textDocument/inlayHint", "textDocument/semanticTokens/full", "textDocument/semanticTokens/range", "textDocument/semanticTokens/full/delta" }
      }
    },
    textDocument = {
      callHierarchy = {
        dynamicRegistration = true
      },
      codeAction = {
        codeActionLiteralSupport = {
          codeActionKind = {
            valueSet = { "", "quickfix", "refactor", "refactor.extract", "refactor.inline", "refactor.rewrite", "source", "source.organizeImports" }
          }
        },
        dataSupport = true,
        disabledSupport = true,
        dynamicRegistration = true,
        honorsChangeAnnotations = false,
        isPreferredSupport = true,
        resolveSupport = {
          properties = { "edit" }
        }
      },
      codeLens = {
        dynamicRegistration = true
      },
      colorProvider = {
        dynamicRegistration = true
      },
      completion = {
        completionItem = {
          commitCharactersSupport = true,
          deprecatedSupport = true,
          documentationFormat = { "markdown", "plaintext" },
          insertReplaceSupport = true,
          insertTextModeSupport = {
            valueSet = { 1, 2 }
          },
          labelDetailsSupport = true,
          preselectSupport = true,
          resolveSupport = {
            properties = { "documentation", "detail", "additionalTextEdits" }
          },
          snippetSupport = true,
          tagSupport = {
            valueSet = { 1 }
          }
        },
        completionItemKind = {
          valueSet = { 1, 2, 3, 4, 5, 6, 7, 8, 9, 10, 11, 12, 13, 14, 15, 16, 17, 18, 19, 20, 21, 22, 23, 24, 25 }
        },
        completionList = {
          itemDefaults = { "commitCharacters", "editRange", "insertTextFormat", "insertTextMode" }
        },
        contextSupport = true,
        dynamicRegistration = true,
        insertTextMode = 2
      },
      declaration = {
        dynamicRegistration = true,
        linkSupport = true
      },
      definition = {
        dynamicRegistration = true,
        linkSupport = true
      },
      diagnostic = {
        dynamicRegistration = true,
        relatedDocumentSupport = true
      },
      documentHighlight = {
        dynamicRegistration = true
      },
      documentLink = {
        dynamicRegistration = true,
        tooltipSupport = true
      },
      documentSymbol = {
        dynamicRegistration = true,
        hierarchicalDocumentSymbolSupport = true,
        labelSupport = true,
        symbolKind = {
          valueSet = { 1, 2, 3, 4, 5, 6, 7, 8, 9, 10, 11, 12, 13, 14, 15, 16, 17, 18, 19, 20, 21, 22, 23, 24, 25, 26 }
        },
        tagSupport = {
          valueSet = { 1 }
        }
      },
      foldingRange = {
        dynamicRegistration = true,
        foldingRange = {
          collapsedText = false
        },
        foldingRangeKind = {
          valueSet = { "comment", "imports", "region" }
        },
        lineFoldingOnly = true,
        rangeLimit = 5000
      },
      formatting = {
        dynamicRegistration = true
      },
      hover = {
        contentFormat = { "markdown", "plaintext" },
        dynamicRegistration = true
      },
      implementation = {
        dynamicRegistration = true,
        linkSupport = true
      },
      inlayHint = {
        dynamicRegistration = true,
        resolveSupport = {
          properties = { "tooltip", "textEdits", "label.tooltip", "label.location", "label.command" }
        }
      },
      inlineValue = {
        dynamicRegistration = true
      },
      linkedEditingRange = {
        dynamicRegistration = true
      },
      onTypeFormatting = {
        dynamicRegistration = true
      },
      publishDiagnostics = {
        codeDescriptionSupport = true,
        dataSupport = true,
        relatedInformation = true,
        tagSupport = {
          valueSet = { 1, 2 }
        },
        versionSupport = true
      },
      rangeFormatting = {
        dynamicRegistration = true
      },
      references = {
        dynamicRegistration = true
      },
      rename = {
        dynamicRegistration = true,
        honorsChangeAnnotations = true,
        prepareSupport = true,
        prepareSupportDefaultBehavior = 1
      },
      selectionRange = {
        dynamicRegistration = true
      },
      semanticTokens = {
        augmentsSyntaxTokens = true,
        dynamicRegistration = true,
        formats = { "relative" },
        multilineTokenSupport = false,
        overlappingTokenSupport = false,
        requests = {
          full = {
            delta = true
          },
          range = true
        },
        serverCancelSupport = true,
        tokenModifiers = { "declaration", "definition", "readonly", "static", "deprecated", "abstract", "async", "modification", "documentation", "defaultLibrary" },
        tokenTypes = { "namespace", "type", "class", "enum", "interface", "struct", "typeParameter", "parameter", "variable", "property", "enumMember", "event", "function", "method", "macro", "keyword", "modifier", "comment", "string", "number", "regexp", "decorator", "operator" }
      },
      signatureHelp = {
        contextSupport = true,
        dynamicRegistration = true,
        signatureInformation = {
          activeParameterSupport = true,
          documentationFormat = { "markdown", "plaintext" },
          parameterInformation = {
            labelOffsetSupport = true
          }
        }
      },
      synchronization = {
        didSave = true,
        dynamicRegistration = true,
        willSave = true,
        willSaveWaitUntil = true
      },
      typeDefinition = {
        dynamicRegistration = true,
        linkSupport = true
      },
      typeHierarchy = {
        dynamicRegistration = true
      }
    },
    window = {
      showDocument = {
        support = true
      },
      showMessage = {
        messageActionItem = {
          additionalPropertiesSupport = true
        }
      },
      workDoneProgress = true
    },
    workspace = {
      applyEdit = true,
      codeLens = {
        refreshSupport = true
      },
      configuration = true,
      diagnostics = {
        refreshSupport = true
      },
      didChangeConfiguration = {
        dynamicRegistration = true
      },
      didChangeWatchedFiles = {
        dynamicRegistration = true,
        relativePatternSupport = true
      },
      executeCommand = {
        dynamicRegistration = true
      },
      fileOperations = {
        didCreate = true,
        didDelete = true,
        didRename = true,
        dynamicRegistration = true,
        willCreate = true,
        willDelete = true,
        willRename = true
      },
      inlayHint = {
        refreshSupport = true
      },
      inlineValue = {
        refreshSupport = true
      },
      semanticTokens = {
        refreshSupport = true
      },
      symbol = {
        dynamicRegistration = true,
        resolveSupport = {
          properties = { "location.range" }
        },
        symbolKind = {
          valueSet = { 1, 2, 3, 4, 5, 6, 7, 8, 9, 10, 11, 12, 13, 14, 15, 16, 17, 18, 19, 20, 21, 22, 23, 24, 25, 26 }
        },
        tagSupport = {
          valueSet = { 1 }
        }
      },
      workspaceEdit = {
        changeAnnotationSupport = {
          groupsOnLabel = false
        },
        documentChanges = true,
        failureHandling = "undo",
        normalizesLineEndings = true,
        resourceOperations = { "create", "rename", "delete" }
      },
      workspaceFolders = true
    }
  },
  clientInfo = {
    name = "coc.nvim",
    version = "0.0.82"
  },
  initializationOptions = {
    changeConfiguration = true
  },
  locale = "C",
  processId = 249912,
  rootPath = "/home/vxy/.config",
  rootUri = "file:///home/vxy/.config",
  trace = "off",
  workDoneToken = "9da5f738-4205-4d8f-885f-07b565a223f0",
  workspaceFolders = { {
      name = ".config",
      uri = "file:///home/vxy/.config"
    } }
}
[11:29:06.217][info] [#0:script/language.lua:137]: VSC language: C
[11:29:06.217][info] [#0:script/language.lua:138]: LS  language: en-us
[11:29:06.217][info] [#0:script/workspace/workspace.lua:38]: Workspace init root: 	file:///home/vxy/.config
[11:29:06.217][info] [#0:script/workspace/workspace.lua:42]: Log path: 	/home/vxy/.config/coc/extensions/coc-lua-data/lua-language-server/log/file_home_vxy_.config.log
[11:29:06.218][info] [#0:script/workspace/workspace.lua:48]: Workspace create: 	file:///home/vxy/.config
[11:29:06.523][info] [#0:script/provider/provider.lua:49]: Load config from client	file:///home/vxy/.config
[11:29:06.523][info] [#0:script/provider/provider.lua:50]: {
  Lua = {
    addonManager = {
      enable = true
    },
    codeLens = {
      enable = false
    },
    completion = {
      autoRequire = true,
      callSnippet = "Disable",
      displayContext = 0,
      enable = true,
      keywordSnippet = "Replace",
      postfix = "@",
      requireSeparator = ".",
      showParams = true,
      showWord = "Fallback",
      workspaceWord = true
    },
    diagnostics = {
      disable = {},
      disableScheme = { "git" },
      enable = true,
      globals = {},
      ignoredFiles = "Opened",
      libraryFiles = "Opened",
      unusedLocalExclude = {},
      workspaceDelay = 3000,
      workspaceEvent = "OnSave",
      workspaceRate = 100
    },
    doc = {
      packageName = {},
      privateName = {},
      protectedName = {}
    },
    format = {
      defaultConfig = {},
      enable = true
    },
    hint = {
      arrayIndex = "Auto",
      await = true,
      enable = false,
      paramName = "All",
      paramType = true,
      semicolon = "SameLine",
      setType = false
    },
    hover = {
      enable = true,
      enumsLimit = 5,
      expandAlias = true,
      previewFields = 50,
      viewNumber = true,
      viewString = true,
      viewStringMax = 1000
    },
    misc = {
      executablePath = "",
      parameters = {}
    },
    runtime = {
      fileEncoding = "utf8",
      meta = "${version} ${language} ${encoding}",
      nonstandardSymbol = {},
      path = { "?.lua", "?/init.lua" },
      pathStrict = false,
      plugin = "",
      pluginArgs = {},
      special = {},
      unicodeName = false,
      version = "Lua 5.4"
    },
    semantic = {
      annotation = true,
      enable = true,
      keyword = false,
      variable = true
    },
    signatureHelp = {
      enable = true
    },
    spell = {
      dict = {}
    },
    type = {
      castNumberToInteger = true,
      weakNilCheck = false,
      weakUnionCheck = false
    },
    window = {
      progressBar = true,
      statusBar = true
    },
    workspace = {
      checkThirdParty = true,
      ignoreDir = { ".vscode" },
      ignoreSubmodules = true,
      library = {},
      maxPreload = 5000,
      preloadFileSize = 500,
      useGitIgnore = true,
      userThirdParty = {}
    }
  }
}
[11:29:06.624][info] [#0:script/provider/completion.lua:43]: Enable completion.
[11:29:06.624][info] [#0:script/provider/provider.lua:65]: Load config from client	fallback
[11:29:06.625][info] [#0:script/provider/provider.lua:66]: {
  Lua = {
    addonManager = {
      enable = true
    },
    codeLens = {
      enable = false
    },
    completion = {
      autoRequire = true,
      callSnippet = "Disable",
      displayContext = 0,
      enable = true,
      keywordSnippet = "Replace",
      postfix = "@",
      requireSeparator = ".",
      showParams = true,
      showWord = "Fallback",
      workspaceWord = true
    },
    diagnostics = {
      disable = {},
      disableScheme = { "git" },
      enable = true,
      globals = {},
      ignoredFiles = "Opened",
      libraryFiles = "Opened",
      unusedLocalExclude = {},
      workspaceDelay = 3000,
      workspaceEvent = "OnSave",
      workspaceRate = 100
    },
    doc = {
      packageName = {},
      privateName = {},
      protectedName = {}
    },
    format = {
      defaultConfig = {},
      enable = true
    },
    hint = {
      arrayIndex = "Auto",
      await = true,
      enable = false,
      paramName = "All",
      paramType = true,
      semicolon = "SameLine",
      setType = false
    },
    hover = {
      enable = true,
      enumsLimit = 5,
      expandAlias = true,
      previewFields = 50,
      viewNumber = true,
      viewString = true,
      viewStringMax = 1000
    },
    misc = {
      executablePath = "",
      parameters = {}
    },
    runtime = {
      fileEncoding = "utf8",
      meta = "${version} ${language} ${encoding}",
      nonstandardSymbol = {},
      path = { "?.lua", "?/init.lua" },
      pathStrict = false,
      plugin = "",
      pluginArgs = {},
      special = {},
      unicodeName = false,
      version = "Lua 5.4"
    },
    semantic = {
      annotation = true,
      enable = true,
      keyword = false,
      variable = true
    },
    signatureHelp = {
      enable = true
    },
    spell = {
      dict = {}
    },
    type = {
      castNumberToInteger = true,
      weakNilCheck = false,
      weakUnionCheck = false
    },
    window = {
      progressBar = true,
      statusBar = true
    },
    workspace = {
      checkThirdParty = true,
      ignoreDir = { ".vscode" },
      ignoreSubmodules = true,
      library = {},
      maxPreload = 5000,
      preloadFileSize = 500,
      useGitIgnore = true,
      userThirdParty = {}
    }
  }
}
[11:29:06.850][info] [#0:script/plugin.lua:125]: plugin path:	/home/vxy/.config
[11:29:06.850][warn] [#0:script/plugin.lua:140]: plugin not found:	/home/vxy/.config
[11:29:06.850][info] [#0:script/library.lua:212]: Init builtin library at:	file:///home/vxy/.config
[11:29:06.891][info] [#0:script/library.lua:212]: Init builtin library at:	nil
[11:29:07.008][info] [#0:script/workspace/workspace.lua:324]: Preload start:	file:///home/vxy/.config
[11:29:07.012][info] [#0:script/workspace/workspace.lua:330]: Scan files at:	file:///home/vxy/.config
[11:29:07.823][info] [#0:script/workspace/workspace.lua:324]: Preload start:	<fallback>
[11:29:07.826][info] [#0:script/workspace/workspace.lua:353]: Scan library at:	file:///home/vxy/.config/coc/extensions/coc-lua-data/lua-language-server/meta/Lua%205.4%20en-us%20utf8/coroutine.lua
[11:29:07.851][info] [#0:script/workspace/workspace.lua:353]: Scan library at:	file:///home/vxy/.config/coc/extensions/coc-lua-data/lua-language-server/meta/Lua%205.4%20en-us%20utf8/os.lua
[11:29:07.852][info] [#0:script/workspace/workspace.lua:353]: Scan library at:	file:///home/vxy/.config/coc/extensions/coc-lua-data/lua-language-server/meta/Lua%205.4%20en-us%20utf8/builtin.lua
[11:29:07.852][info] [#0:script/workspace/workspace.lua:353]: Scan library at:	file:///home/vxy/.config/coc/extensions/coc-lua-data/lua-language-server/meta/Lua%205.4%20en-us%20utf8/io.lua
[11:29:07.854][info] [#0:script/workspace/workspace.lua:353]: Scan library at:	file:///home/vxy/.config/coc/extensions/coc-lua-data/lua-language-server/meta/Lua%205.4%20en-us%20utf8/debug.lua
[11:29:07.854][info] [#0:script/workspace/workspace.lua:353]: Scan library at:	file:///home/vxy/.config/coc/extensions/coc-lua-data/lua-language-server/meta/Lua%205.4%20en-us%20utf8/utf8.lua
[11:29:07.854][info] [#0:script/workspace/workspace.lua:353]: Scan library at:	file:///home/vxy/.config/coc/extensions/coc-lua-data/lua-language-server/meta/Lua%205.4%20en-us%20utf8/math.lua
[11:29:07.855][info] [#0:script/workspace/workspace.lua:353]: Scan library at:	file:///home/vxy/.config/coc/extensions/coc-lua-data/lua-language-server/meta/Lua%205.4%20en-us%20utf8/string.lua
[11:29:07.855][info] [#0:script/workspace/workspace.lua:353]: Scan library at:	file:///home/vxy/.config/coc/extensions/coc-lua-data/lua-language-server/meta/Lua%205.4%20en-us%20utf8/table.lua
[11:29:07.855][info] [#0:script/workspace/workspace.lua:353]: Scan library at:	file:///home/vxy/.config/coc/extensions/coc-lua-data/lua-language-server/meta/Lua%205.4%20en-us%20utf8/package.lua
[11:29:07.856][info] [#0:script/workspace/workspace.lua:353]: Scan library at:	file:///home/vxy/.config/coc/extensions/coc-lua-data/lua-language-server/meta/Lua%205.4%20en-us%20utf8/basic.lua
[11:29:07.956][info] [#0:script/workspace/workspace.lua:379]: Found 11 files at:	<fallback>
[11:29:07.956][info] [#0:script/workspace/loading.lua:160]: Load files from disk:	<fallback>
[11:29:07.957][info] [#0:script/workspace/loading.lua:100]: Preload file at: file:///home/vxy/.config/coc/extensions/coc-lua-data/lua-language-server/meta/Lua%205.4%20en-us%20utf8/basic.lua , size = 15.841 KB
[11:29:07.973][info] [#0:script/workspace/loading.lua:112]: ++++As library of:	file:///home/vxy/.config/coc/extensions/coc-lua-data/lua-language-server/meta/Lua%205.4%20en-us%20utf8/basic.lua
[11:29:07.974][info] [#0:script/workspace/loading.lua:100]: Preload file at: file:///home/vxy/.config/coc/extensions/coc-lua-data/lua-language-server/meta/Lua%205.4%20en-us%20utf8/package.lua , size = 2.944 KB
[11:29:07.976][info] [#0:script/workspace/loading.lua:112]: ++++As library of:	file:///home/vxy/.config/coc/extensions/coc-lua-data/lua-language-server/meta/Lua%205.4%20en-us%20utf8/package.lua
[11:29:07.977][info] [#0:script/workspace/loading.lua:100]: Preload file at: file:///home/vxy/.config/coc/extensions/coc-lua-data/lua-language-server/meta/Lua%205.4%20en-us%20utf8/table.lua , size = 4.445 KB
[11:29:07.981][info] [#0:script/workspace/loading.lua:112]: ++++As library of:	file:///home/vxy/.config/coc/extensions/coc-lua-data/lua-language-server/meta/Lua%205.4%20en-us%20utf8/table.lua
[11:29:07.981][info] [#0:script/workspace/loading.lua:100]: Preload file at: file:///home/vxy/.config/coc/extensions/coc-lua-data/lua-language-server/meta/Lua%205.4%20en-us%20utf8/string.lua , size = 6.327 KB
[11:29:07.986][info] [#0:script/workspace/loading.lua:112]: ++++As library of:	file:///home/vxy/.config/coc/extensions/coc-lua-data/lua-language-server/meta/Lua%205.4%20en-us%20utf8/string.lua
[11:29:07.987][info] [#0:script/workspace/loading.lua:100]: Preload file at: file:///home/vxy/.config/coc/extensions/coc-lua-data/lua-language-server/meta/Lua%205.4%20en-us%20utf8/math.lua , size = 8.509 KB
[11:29:07.997][info] [#0:script/workspace/loading.lua:112]: ++++As library of:	file:///home/vxy/.config/coc/extensions/coc-lua-data/lua-language-server/meta/Lua%205.4%20en-us%20utf8/math.lua
[11:29:07.997][info] [#0:script/workspace/loading.lua:100]: Preload file at: file:///home/vxy/.config/coc/extensions/coc-lua-data/lua-language-server/meta/Lua%205.4%20en-us%20utf8/utf8.lua , size = 2.386 KB
[11:29:07.999][info] [#0:script/workspace/loading.lua:112]: ++++As library of:	file:///home/vxy/.config/coc/extensions/coc-lua-data/lua-language-server/meta/Lua%205.4%20en-us%20utf8/utf8.lua
[11:29:08.000][info] [#0:script/workspace/loading.lua:100]: Preload file at: file:///home/vxy/.config/coc/extensions/coc-lua-data/lua-language-server/meta/Lua%205.4%20en-us%20utf8/debug.lua , size = 7.637 KB
[11:29:08.006][info] [#0:script/workspace/loading.lua:112]: ++++As library of:	file:///home/vxy/.config/coc/extensions/coc-lua-data/lua-language-server/meta/Lua%205.4%20en-us%20utf8/debug.lua
[11:29:08.006][info] [#0:script/workspace/loading.lua:100]: Preload file at: file:///home/vxy/.config/coc/extensions/coc-lua-data/lua-language-server/meta/Lua%205.4%20en-us%20utf8/io.lua , size = 6.364 KB
[11:29:08.012][info] [#0:script/workspace/loading.lua:112]: ++++As library of:	file:///home/vxy/.config/coc/extensions/coc-lua-data/lua-language-server/meta/Lua%205.4%20en-us%20utf8/io.lua
[11:29:08.012][info] [#0:script/workspace/loading.lua:100]: Preload file at: file:///home/vxy/.config/coc/extensions/coc-lua-data/lua-language-server/meta/Lua%205.4%20en-us%20utf8/builtin.lua , size = 0.302 KB
[11:29:08.013][info] [#0:script/workspace/loading.lua:112]: ++++As library of:	file:///home/vxy/.config/coc/extensions/coc-lua-data/lua-language-server/meta/Lua%205.4%20en-us%20utf8/builtin.lua
[11:29:08.013][info] [#0:script/workspace/loading.lua:100]: Preload file at: file:///home/vxy/.config/coc/extensions/coc-lua-data/lua-language-server/meta/Lua%205.4%20en-us%20utf8/os.lua , size = 5.600 KB
[11:29:08.021][info] [#0:script/workspace/loading.lua:112]: ++++As library of:	file:///home/vxy/.config/coc/extensions/coc-lua-data/lua-language-server/meta/Lua%205.4%20en-us%20utf8/os.lua
[11:29:08.021][info] [#0:script/workspace/loading.lua:100]: Preload file at: file:///home/vxy/.config/coc/extensions/coc-lua-data/lua-language-server/meta/Lua%205.4%20en-us%20utf8/coroutine.lua , size = 2.590 KB
[11:29:08.024][info] [#0:script/workspace/loading.lua:112]: ++++As library of:	file:///home/vxy/.config/coc/extensions/coc-lua-data/lua-language-server/meta/Lua%205.4%20en-us%20utf8/coroutine.lua
[11:29:08.024][info] [#0:script/workspace/loading.lua:172]: Loaded files takes [0.066] sec: <fallback>
[11:29:08.024][info] [#0:script/workspace/loading.lua:181]: Compile files takes [0.000] sec: <fallback>
[11:29:08.024][info] [#0:script/workspace/loading.lua:182]: Loaded finish:	<fallback>
[11:29:08.024][info] [#0:script/workspace/workspace.lua:381]: Preload finish at:	<fallback>
[11:29:09.273][info] [#0:script/workspace/workspace.lua:353]: Scan library at:	file:///home/vxy/.config/coc/extensions/coc-lua-data/lua-language-server/meta/Lua%205.4%20en-us%20utf8/coroutine.lua
[11:29:09.274][info] [#0:script/workspace/workspace.lua:353]: Scan library at:	file:///home/vxy/.config/coc/extensions/coc-lua-data/lua-language-server/meta/Lua%205.4%20en-us%20utf8/os.lua
[11:29:09.274][info] [#0:script/workspace/workspace.lua:353]: Scan library at:	file:///home/vxy/.config/coc/extensions/coc-lua-data/lua-language-server/meta/Lua%205.4%20en-us%20utf8/builtin.lua
[11:29:09.274][info] [#0:script/workspace/workspace.lua:353]: Scan library at:	file:///home/vxy/.config/coc/extensions/coc-lua-data/lua-language-server/meta/Lua%205.4%20en-us%20utf8/io.lua
[11:29:09.274][info] [#0:script/workspace/workspace.lua:353]: Scan library at:	file:///home/vxy/.config/coc/extensions/coc-lua-data/lua-language-server/meta/Lua%205.4%20en-us%20utf8/debug.lua
[11:29:09.274][info] [#0:script/workspace/workspace.lua:353]: Scan library at:	file:///home/vxy/.config/coc/extensions/coc-lua-data/lua-language-server/meta/Lua%205.4%20en-us%20utf8/utf8.lua
[11:29:09.275][info] [#0:script/workspace/workspace.lua:353]: Scan library at:	file:///home/vxy/.config/coc/extensions/coc-lua-data/lua-language-server/meta/Lua%205.4%20en-us%20utf8/math.lua
[11:29:09.275][info] [#0:script/workspace/workspace.lua:353]: Scan library at:	file:///home/vxy/.config/coc/extensions/coc-lua-data/lua-language-server/meta/Lua%205.4%20en-us%20utf8/string.lua
[11:29:09.275][info] [#0:script/workspace/workspace.lua:353]: Scan library at:	file:///home/vxy/.config/coc/extensions/coc-lua-data/lua-language-server/meta/Lua%205.4%20en-us%20utf8/table.lua
[11:29:09.275][info] [#0:script/workspace/workspace.lua:353]: Scan library at:	file:///home/vxy/.config/coc/extensions/coc-lua-data/lua-language-server/meta/Lua%205.4%20en-us%20utf8/package.lua
[11:29:09.275][info] [#0:script/workspace/workspace.lua:353]: Scan library at:	file:///home/vxy/.config/coc/extensions/coc-lua-data/lua-language-server/meta/Lua%205.4%20en-us%20utf8/basic.lua
[11:29:09.377][info] [#0:script/workspace/workspace.lua:379]: Found 1203 files at:	file:///home/vxy/.config
[11:29:09.377][info] [#0:script/workspace/loading.lua:160]: Load files from disk:	file:///home/vxy/.config
[11:29:09.377][info] [#0:script/workspace/loading.lua:88]: Skip loaded file: file:///home/vxy/.config/coc/extensions/coc-lua-data/lua-language-server/meta/Lua%205.4%20en-us%20utf8/basic.lua
[11:29:09.377][info] [#0:script/workspace/loading.lua:112]: ++++As library of:	file:///home/vxy/.config/coc/extensions/coc-lua-data/lua-language-server/meta/Lua%205.4%20en-us%20utf8/basic.lua
[11:29:09.377][info] [#0:script/workspace/loading.lua:88]: Skip loaded file: file:///home/vxy/.config/coc/extensions/coc-lua-data/lua-language-server/meta/Lua%205.4%20en-us%20utf8/package.lua
[11:29:09.377][info] [#0:script/workspace/loading.lua:112]: ++++As library of:	file:///home/vxy/.config/coc/extensions/coc-lua-data/lua-language-server/meta/Lua%205.4%20en-us%20utf8/package.lua
[11:29:09.377][info] [#0:script/workspace/loading.lua:88]: Skip loaded file: file:///home/vxy/.config/coc/extensions/coc-lua-data/lua-language-server/meta/Lua%205.4%20en-us%20utf8/table.lua
[11:29:09.377][info] [#0:script/workspace/loading.lua:112]: ++++As library of:	file:///home/vxy/.config/coc/extensions/coc-lua-data/lua-language-server/meta/Lua%205.4%20en-us%20utf8/table.lua
[11:29:09.377][info] [#0:script/workspace/loading.lua:88]: Skip loaded file: file:///home/vxy/.config/coc/extensions/coc-lua-data/lua-language-server/meta/Lua%205.4%20en-us%20utf8/string.lua
[11:29:09.377][info] [#0:script/workspace/loading.lua:112]: ++++As library of:	file:///home/vxy/.config/coc/extensions/coc-lua-data/lua-language-server/meta/Lua%205.4%20en-us%20utf8/string.lua
[11:29:09.377][info] [#0:script/workspace/loading.lua:88]: Skip loaded file: file:///home/vxy/.config/coc/extensions/coc-lua-data/lua-language-server/meta/Lua%205.4%20en-us%20utf8/math.lua
[11:29:09.377][info] [#0:script/workspace/loading.lua:112]: ++++As library of:	file:///home/vxy/.config/coc/extensions/coc-lua-data/lua-language-server/meta/Lua%205.4%20en-us%20utf8/math.lua
[11:29:09.377][info] [#0:script/workspace/loading.lua:88]: Skip loaded file: file:///home/vxy/.config/coc/extensions/coc-lua-data/lua-language-server/meta/Lua%205.4%20en-us%20utf8/utf8.lua
[11:29:09.377][info] [#0:script/workspace/loading.lua:112]: ++++As library of:	file:///home/vxy/.config/coc/extensions/coc-lua-data/lua-language-server/meta/Lua%205.4%20en-us%20utf8/utf8.lua
[11:29:09.377][info] [#0:script/workspace/loading.lua:88]: Skip loaded file: file:///home/vxy/.config/coc/extensions/coc-lua-data/lua-language-server/meta/Lua%205.4%20en-us%20utf8/debug.lua
[11:29:09.377][info] [#0:script/workspace/loading.lua:112]: ++++As library of:	file:///home/vxy/.config/coc/extensions/coc-lua-data/lua-language-server/meta/Lua%205.4%20en-us%20utf8/debug.lua
[11:29:09.378][info] [#0:script/workspace/loading.lua:88]: Skip loaded file: file:///home/vxy/.config/coc/extensions/coc-lua-data/lua-language-server/meta/Lua%205.4%20en-us%20utf8/io.lua
[11:29:09.378][info] [#0:script/workspace/loading.lua:112]: ++++As library of:	file:///home/vxy/.config/coc/extensions/coc-lua-data/lua-language-server/meta/Lua%205.4%20en-us%20utf8/io.lua
[11:29:09.378][info] [#0:script/workspace/loading.lua:88]: Skip loaded file: file:///home/vxy/.config/coc/extensions/coc-lua-data/lua-language-server/meta/Lua%205.4%20en-us%20utf8/builtin.lua
[11:29:09.378][info] [#0:script/workspace/loading.lua:112]: ++++As library of:	file:///home/vxy/.config/coc/extensions/coc-lua-data/lua-language-server/meta/Lua%205.4%20en-us%20utf8/builtin.lua
[11:29:09.378][info] [#0:script/workspace/loading.lua:88]: Skip loaded file: file:///home/vxy/.config/coc/extensions/coc-lua-data/lua-language-server/meta/Lua%205.4%20en-us%20utf8/os.lua
[11:29:09.378][info] [#0:script/workspace/loading.lua:112]: ++++As library of:	file:///home/vxy/.config/coc/extensions/coc-lua-data/lua-language-server/meta/Lua%205.4%20en-us%20utf8/os.lua
[11:29:09.378][info] [#0:script/workspace/loading.lua:88]: Skip loaded file: file:///home/vxy/.config/coc/extensions/coc-lua-data/lua-language-server/meta/Lua%205.4%20en-us%20utf8/coroutine.lua
[11:29:09.378][info] [#0:script/workspace/loading.lua:112]: ++++As library of:	file:///home/vxy/.config/coc/extensions/coc-lua-data/lua-language-server/meta/Lua%205.4%20en-us%20utf8/coroutine.lua
[11:29:09.378][info] [#0:script/workspace/loading.lua:100]: Preload file at: file:///home/vxy/.config/nvim/init.lua , size = 0.151 KB
[11:29:09.379][info] [#0:script/workspace/loading.lua:100]: Preload file at: file:///home/vxy/.config/nvim/lua/plugins/colorscheme.lua , size = 0.151 KB
[11:29:09.380][info] [#0:script/workspace/loading.lua:100]: Preload file at: file:///home/vxy/.config/nvim/lua/plugins/coc.lua , size = 0.057 KB
[11:29:09.381][info] [#0:script/workspace/loading.lua:100]: Preload file at: file:///home/vxy/.config/nvim/lua/plugins/nvim-autopairs.lua , size = 0.563 KB
[11:29:09.382][info] [#0:script/workspace/loading.lua:100]: Preload file at: file:///home/vxy/.config/nvim/lua/plugins/treesitter.lua , size = 0.867 KB
[11:29:09.386][info] [#0:script/workspace/loading.lua:100]: Preload file at: file:///home/vxy/.config/nvim/lua/plugins/nvim-tree.lua , size = 0.190 KB
[11:29:09.387][info] [#0:script/workspace/loading.lua:88]: Skip loaded file: file:///home/vxy/.config/nvim/lua/config/coc-nvim.lua
[11:29:09.387][info] [#0:script/workspace/loading.lua:100]: Preload file at: file:///home/vxy/.config/nvim/lua/config/keymaps.lua , size = 1.063 KB
[11:29:09.389][info] [#0:script/workspace/loading.lua:100]: Preload file at: file:///home/vxy/.config/nvim/lua/config/options.lua , size = 1.181 KB
[11:29:09.391][info] [#0:script/workspace/loading.lua:100]: Preload file at: file:///home/vxy/.config/coc/extensions/coc-lua-data/lua-language-server/debugger.lua , size = 1.768 KB
[11:29:09.393][info] [#0:script/workspace/loading.lua:100]: Preload file at: file:///home/vxy/.config/nvim/lua/config/lazy.lua , size = 1.155 KB
[11:29:09.396][info] [#0:script/workspace/loading.lua:100]: Preload file at: file:///home/vxy/.config/coc/extensions/coc-lua-data/lua-language-server/locale/en-us/setting.lua , size = 23.959 KB
[11:29:09.420][info] [#0:script/workspace/loading.lua:100]: Preload file at: file:///home/vxy/.config/coc/extensions/coc-lua-data/lua-language-server/locale/en-us/script.lua , size = 35.322 KB
[11:29:09.431][info] [#0:script/workspace/loading.lua:100]: Preload file at: file:///home/vxy/.config/coc/extensions/coc-lua-data/lua-language-server/locale/en-us/meta.lua , size = 31.741 KB
[11:29:09.442][info] [#0:script/workspace/loading.lua:100]: Preload file at: file:///home/vxy/.config/coc/extensions/coc-lua-data/lua-language-server/locale/zh-tw/setting.lua , size = 24.354 KB
[11:29:09.453][info] [#0:script/workspace/loading.lua:100]: Preload file at: file:///home/vxy/.config/coc/extensions/coc-lua-data/lua-language-server/locale/zh-tw/script.lua , size = 36.517 KB
[11:29:09.463][info] [#0:script/workspace/loading.lua:100]: Preload file at: file:///home/vxy/.config/coc/extensions/coc-lua-data/lua-language-server/locale/zh-tw/meta.lua , size = 30.774 KB
[11:29:09.490][info] [#0:script/workspace/loading.lua:100]: Preload file at: file:///home/vxy/.config/coc/extensions/coc-lua-data/lua-language-server/locale/pt-br/setting.lua , size = 28.152 KB
[11:29:09.500][info] [#0:script/workspace/loading.lua:100]: Preload file at: file:///home/vxy/.config/coc/extensions/coc-lua-data/lua-language-server/locale/pt-br/script.lua , size = 39.190 KB
[11:29:09.511][info] [#0:script/workspace/loading.lua:100]: Preload file at: file:///home/vxy/.config/coc/extensions/coc-lua-data/lua-language-server/locale/pt-br/meta.lua , size = 34.379 KB
[11:29:09.521][info] [#0:script/workspace/loading.lua:100]: Preload file at: file:///home/vxy/.config/coc/extensions/coc-lua-data/lua-language-server/locale/zh-cn/setting.lua , size = 20.688 KB
[11:29:09.530][info] [#0:script/workspace/loading.lua:100]: Preload file at: file:///home/vxy/.config/coc/extensions/coc-lua-data/lua-language-server/locale/zh-cn/script.lua , size = 34.530 KB
[11:29:09.539][info] [#0:script/workspace/loading.lua:100]: Preload file at: file:///home/vxy/.config/coc/extensions/coc-lua-data/lua-language-server/locale/zh-cn/meta.lua , size = 30.498 KB
[11:29:09.548][info] [#0:script/workspace/loading.lua:100]: Preload file at: file:///home/vxy/.config/coc/extensions/coc-lua-data/lua-language-server/locale/ja-jp/setting.lua , size = 28.695 KB
[11:29:09.560][info] [#0:script/workspace/loading.lua:100]: Preload file at: file:///home/vxy/.config/coc/extensions/coc-lua-data/lua-language-server/locale/ja-jp/script.lua , size = 44.658 KB
[11:29:09.586][info] [#0:script/workspace/loading.lua:100]: Preload file at: file:///home/vxy/.config/coc/extensions/coc-lua-data/lua-language-server/locale/ja-jp/meta.lua , size = 37.868 KB
[11:29:09.595][info] [#0:script/workspace/loading.lua:100]: Preload file at: file:///home/vxy/.config/coc/extensions/coc-lua-data/lua-language-server/main.lua , size = 2.128 KB
[11:29:09.599][info] [#0:script/workspace/loading.lua:100]: Preload file at: file:///home/vxy/.config/coc/extensions/coc-lua-data/lua-language-server/meta/whimsical/builtin.lua , size = 0.413 KB
[11:29:09.600][info] [#0:script/workspace/loading.lua:100]: Preload file at: file:///home/vxy/.config/coc/extensions/coc-lua-data/lua-language-server/meta/whimsical/rule.lua , size = 3.101 KB
[11:29:09.603][info] [#0:script/workspace/loading.lua:100]: Preload file at: file:///home/vxy/.config/coc/extensions/coc-lua-data/lua-language-server/meta/template/builtin.lua , size = 0.302 KB
[11:29:09.604][info] [#0:script/workspace/loading.lua:100]: Preload file at: file:///home/vxy/.config/coc/extensions/coc-lua-data/lua-language-server/meta/whimsical/basic.lua , size = 1.511 KB
[11:29:09.605][info] [#0:script/workspace/loading.lua:100]: Preload file at: file:///home/vxy/.config/coc/extensions/coc-lua-data/lua-language-server/meta/template/string.lua , size = 3.380 KB
[11:29:09.610][info] [#0:script/workspace/loading.lua:100]: Preload file at: file:///home/vxy/.config/coc/extensions/coc-lua-data/lua-language-server/meta/template/string.buffer.lua , size = 18.156 KB
[11:29:09.616][info] [#0:script/workspace/loading.lua:100]: Preload file at: file:///home/vxy/.config/coc/extensions/coc-lua-data/lua-language-server/meta/template/table.lua , size = 2.064 KB
[11:29:09.619][info] [#0:script/workspace/loading.lua:100]: Preload file at: file:///home/vxy/.config/coc/extensions/coc-lua-data/lua-language-server/meta/template/ffi.lua , size = 2.562 KB
[11:29:09.623][info] [#0:script/workspace/loading.lua:100]: Preload file at: file:///home/vxy/.config/coc/extensions/coc-lua-data/lua-language-server/meta/template/math.lua , size = 4.312 KB
[11:29:09.629][info] [#0:script/workspace/loading.lua:100]: Preload file at: file:///home/vxy/.config/coc/extensions/coc-lua-data/lua-language-server/meta/template/utf8.lua , size = 1.575 KB
[11:29:09.631][info] [#0:script/workspace/loading.lua:100]: Preload file at: file:///home/vxy/.config/coc/extensions/coc-lua-data/lua-language-server/meta/template/jit.lua , size = 0.917 KB
[11:29:09.633][info] [#0:script/workspace/loading.lua:100]: Preload file at: file:///home/vxy/.config/coc/extensions/coc-lua-data/lua-language-server/meta/template/io.lua , size = 3.643 KB
[11:29:09.638][info] [#0:script/workspace/loading.lua:100]: Preload file at: file:///home/vxy/.config/coc/extensions/coc-lua-data/lua-language-server/meta/template/bit.lua , size = 1.353 KB
[11:29:09.640][info] [#0:script/workspace/loading.lua:100]: Preload file at: file:///home/vxy/.config/coc/extensions/coc-lua-data/lua-language-server/meta/template/table.clear.lua , size = 0.154 KB
[11:29:09.641][info] [#0:script/workspace/loading.lua:100]: Preload file at: file:///home/vxy/.config/coc/extensions/coc-lua-data/lua-language-server/meta/template/coroutine.lua , size = 1.448 KB
[11:29:09.643][info] [#0:script/workspace/loading.lua:100]: Preload file at: file:///home/vxy/.config/coc/extensions/coc-lua-data/lua-language-server/meta/template/debug.lua , size = 5.444 KB
[11:29:09.650][info] [#0:script/workspace/loading.lua:100]: Preload file at: file:///home/vxy/.config/coc/extensions/coc-lua-data/lua-language-server/meta/template/basic.lua , size = 7.816 KB
[11:29:09.662][info] [#0:script/workspace/loading.lua:100]: Preload file at: file:///home/vxy/.config/coc/extensions/coc-lua-data/lua-language-server/meta/template/jit.util.lua , size = 2.018 KB
[11:29:09.666][info] [#0:script/workspace/loading.lua:100]: Preload file at: file:///home/vxy/.config/coc/extensions/coc-lua-data/lua-language-server/meta/template/jit.profile.lua , size = 0.381 KB
[11:29:09.667][info] [#0:script/workspace/loading.lua:100]: Preload file at: file:///home/vxy/.config/coc/extensions/coc-lua-data/lua-language-server/meta/template/os.lua , size = 2.756 KB
[11:29:09.672][info] [#0:script/workspace/loading.lua:100]: Preload file at: file:///home/vxy/.config/coc/extensions/coc-lua-data/lua-language-server/meta/template/bit32.lua , size = 1.594 KB
[11:29:09.675][info] [#0:script/workspace/loading.lua:100]: Preload file at: file:///home/vxy/.config/coc/extensions/coc-lua-data/lua-language-server/meta/template/package.lua , size = 1.223 KB
[11:29:09.677][info] [#0:script/workspace/loading.lua:100]: Preload file at: file:///home/vxy/.config/coc/extensions/coc-lua-data/lua-language-server/meta/template/table.new.lua , size = 0.201 KB
[11:29:09.677][info] [#0:script/workspace/loading.lua:88]: Skip loaded file: file:///home/vxy/.config/coc/extensions/coc-lua-data/lua-language-server/meta/Lua%205.4%20en-us%20utf8/builtin.lua
[11:29:09.677][info] [#0:script/workspace/loading.lua:88]: Skip loaded file: file:///home/vxy/.config/coc/extensions/coc-lua-data/lua-language-server/meta/Lua%205.4%20en-us%20utf8/string.lua
[11:29:09.678][info] [#0:script/workspace/loading.lua:88]: Skip loaded file: file:///home/vxy/.config/coc/extensions/coc-lua-data/lua-language-server/meta/Lua%205.4%20en-us%20utf8/table.lua
[11:29:09.678][info] [#0:script/workspace/loading.lua:100]: Preload file at: file:///home/vxy/.config/coc/extensions/coc-lua-data/lua-language-server/meta/Lua%205.4%20en-us%20utf8/ffi.lua , size = 2.529 KB
[11:29:09.682][info] [#0:script/workspace/loading.lua:88]: Skip loaded file: file:///home/vxy/.config/coc/extensions/coc-lua-data/lua-language-server/meta/Lua%205.4%20en-us%20utf8/math.lua
[11:29:09.682][info] [#0:script/workspace/loading.lua:88]: Skip loaded file: file:///home/vxy/.config/coc/extensions/coc-lua-data/lua-language-server/meta/Lua%205.4%20en-us%20utf8/utf8.lua
[11:29:09.682][info] [#0:script/workspace/loading.lua:100]: Preload file at: file:///home/vxy/.config/coc/extensions/coc-lua-data/lua-language-server/meta/Lua%205.4%20en-us%20utf8/string/buffer.lua , size = 18.123 KB
[11:29:09.689][info] [#0:script/workspace/loading.lua:100]: Preload file at: file:///home/vxy/.config/coc/extensions/coc-lua-data/lua-language-server/meta/Lua%205.4%20en-us%20utf8/jit.lua , size = 0.884 KB
[11:29:09.690][info] [#0:script/workspace/loading.lua:88]: Skip loaded file: file:///home/vxy/.config/coc/extensions/coc-lua-data/lua-language-server/meta/Lua%205.4%20en-us%20utf8/io.lua
[11:29:09.691][info] [#0:script/workspace/loading.lua:100]: Preload file at: file:///home/vxy/.config/coc/extensions/coc-lua-data/lua-language-server/meta/Lua%205.4%20en-us%20utf8/bit.lua , size = 1.319 KB
[11:29:09.693][info] [#0:script/workspace/loading.lua:100]: Preload file at: file:///home/vxy/.config/coc/extensions/coc-lua-data/lua-language-server/meta/Lua%205.4%20en-us%20utf8/jit/util.lua , size = 1.984 KB
[11:29:09.696][info] [#0:script/workspace/loading.lua:100]: Preload file at: file:///home/vxy/.config/coc/extensions/coc-lua-data/lua-language-server/meta/Lua%205.4%20en-us%20utf8/jit/profile.lua , size = 0.348 KB
[11:29:09.697][info] [#0:script/workspace/loading.lua:100]: Preload file at: file:///home/vxy/.config/coc/extensions/coc-lua-data/lua-language-server/meta/Lua%205.4%20en-us%20utf8/table/new.lua , size = 0.642 KB
[11:29:09.698][info] [#0:script/workspace/loading.lua:100]: Preload file at: file:///home/vxy/.config/coc/extensions/coc-lua-data/lua-language-server/meta/Lua%205.4%20en-us%20utf8/table/clear.lua , size = 0.797 KB
[11:29:09.699][info] [#0:script/workspace/loading.lua:88]: Skip loaded file: file:///home/vxy/.config/coc/extensions/coc-lua-data/lua-language-server/meta/Lua%205.4%20en-us%20utf8/coroutine.lua
[11:29:09.699][info] [#0:script/workspace/loading.lua:88]: Skip loaded file: file:///home/vxy/.config/coc/extensions/coc-lua-data/lua-language-server/meta/Lua%205.4%20en-us%20utf8/debug.lua
[11:29:09.700][info] [#0:script/workspace/loading.lua:88]: Skip loaded file: file:///home/vxy/.config/coc/extensions/coc-lua-data/lua-language-server/meta/Lua%205.4%20en-us%20utf8/basic.lua
[11:29:09.700][info] [#0:script/workspace/loading.lua:88]: Skip loaded file: file:///home/vxy/.config/coc/extensions/coc-lua-data/lua-language-server/meta/Lua%205.4%20en-us%20utf8/os.lua
[11:29:09.700][info] [#0:script/workspace/loading.lua:100]: Preload file at: file:///home/vxy/.config/coc/extensions/coc-lua-data/lua-language-server/meta/Lua%205.4%20en-us%20utf8/bit32.lua , size = 3.927 KB
[11:29:09.703][info] [#0:script/workspace/loading.lua:88]: Skip loaded file: file:///home/vxy/.config/coc/extensions/coc-lua-data/lua-language-server/meta/Lua%205.4%20en-us%20utf8/package.lua
[11:29:09.704][info] [#0:script/workspace/loading.lua:100]: Preload file at: file:///home/vxy/.config/coc/extensions/coc-lua-data/lua-language-server/meta/3rd/lovr/library/lovr/system.lua , size = 3.189 KB
[11:29:09.706][info] [#0:script/workspace/loading.lua:100]: Preload file at: file:///home/vxy/.config/coc/extensions/coc-lua-data/lua-language-server/meta/3rd/lovr/library/lovr/audio.lua , size = 27.805 KB
[11:29:09.750][info] [#0:script/workspace/loading.lua:100]: Preload file at: file:///home/vxy/.config/coc/extensions/coc-lua-data/lua-language-server/meta/3rd/lovr/library/lovr/math.lua , size = 44.854 KB
[11:29:09.785][info] [#0:script/workspace/loading.lua:100]: Preload file at: file:///home/vxy/.config/coc/extensions/coc-lua-data/lua-language-server/meta/3rd/lovr/library/lovr/event.lua , size = 5.917 KB
[11:29:09.789][info] [#0:script/workspace/loading.lua:100]: Preload file at: file:///home/vxy/.config/coc/extensions/coc-lua-data/lua-language-server/meta/3rd/lovr/library/lovr/headset.lua , size = 23.334 KB
[11:29:09.803][info] [#0:script/workspace/loading.lua:100]: Preload file at: file:///home/vxy/.config/coc/extensions/coc-lua-data/lua-language-server/meta/3rd/lovr/library/lovr/timer.lua , size = 1.728 KB
[11:29:09.805][info] [#0:script/workspace/loading.lua:100]: Preload file at: file:///home/vxy/.config/coc/extensions/coc-lua-data/lua-language-server/meta/3rd/lovr/library/lovr/physics.lua , size = 61.004 KB
[11:29:09.855][info] [#0:script/workspace/loading.lua:100]: Preload file at: file:///home/vxy/.config/coc/extensions/coc-lua-data/lua-language-server/meta/3rd/lovr/library/lovr/data.lua , size = 50.661 KB
[11:29:09.891][info] [#0:script/workspace/loading.lua:100]: Preload file at: file:///home/vxy/.config/coc/extensions/coc-lua-data/lua-language-server/meta/3rd/lovr/library/lovr/graphics.lua , size = 129.702 KB
[11:29:10.007][info] [#0:script/workspace/loading.lua:100]: Preload file at: file:///home/vxy/.config/coc/extensions/coc-lua-data/lua-language-server/meta/3rd/lovr/library/lovr/filesystem.lua , size = 10.365 KB
[11:29:10.013][info] [#0:script/workspace/loading.lua:100]: Preload file at: file:///home/vxy/.config/coc/extensions/coc-lua-data/lua-language-server/meta/3rd/lovr/library/lovr/thread.lua , size = 6.063 KB
[11:29:10.017][info] [#0:script/workspace/loading.lua:100]: Preload file at: file:///home/vxy/.config/coc/extensions/coc-lua-data/lua-language-server/meta/3rd/lovr/library/lovr.lua , size = 1.424 KB
[11:29:10.018][info] [#0:script/workspace/loading.lua:100]: Preload file at: file:///home/vxy/.config/coc/extensions/coc-lua-data/lua-language-server/meta/3rd/lovr/library/callback.lua , size = 8.835 KB
[11:29:10.022][info] [#0:script/workspace/loading.lua:100]: Preload file at: file:///home/vxy/.config/coc/extensions/coc-lua-data/lua-language-server/meta/3rd/bee/library/bee/subprocess.lua , size = 1.758 KB
[11:29:10.024][info] [#0:script/workspace/loading.lua:100]: Preload file at: file:///home/vxy/.config/coc/extensions/coc-lua-data/lua-language-server/meta/3rd/bee/library/bee/filesystem.lua , size = 3.877 KB
[11:29:10.029][info] [#0:script/workspace/loading.lua:100]: Preload file at: file:///home/vxy/.config/coc/extensions/coc-lua-data/lua-language-server/meta/3rd/bee/library/bee/platform.lua , size = 0.954 KB
[11:29:10.030][info] [#0:script/workspace/loading.lua:100]: Preload file at: file:///home/vxy/.config/coc/extensions/coc-lua-data/lua-language-server/meta/3rd/bee/library/bee/thread.lua , size = 0.721 KB
[11:29:10.032][info] [#0:script/workspace/loading.lua:100]: Preload file at: file:///home/vxy/.config/coc/extensions/coc-lua-data/lua-language-server/meta/3rd/love2d/library/love.lua , size = 10.825 KB
[11:29:10.039][info] [#0:script/workspace/loading.lua:100]: Preload file at: file:///home/vxy/.config/coc/extensions/coc-lua-data/lua-language-server/meta/3rd/love2d/library/love/keyboard.lua , size = 22.717 KB
[11:29:10.052][info] [#0:script/workspace/loading.lua:100]: Preload file at: file:///home/vxy/.config/coc/extensions/coc-lua-data/lua-language-server/meta/3rd/love2d/library/love/system.lua , size = 3.604 KB
[11:29:10.055][info] [#0:script/workspace/loading.lua:100]: Preload file at: file:///home/vxy/.config/coc/extensions/coc-lua-data/lua-language-server/meta/3rd/love2d/library/love/mouse.lua , size = 8.757 KB
[11:29:10.060][info] [#0:script/workspace/loading.lua:100]: Preload file at: file:///home/vxy/.config/coc/extensions/coc-lua-data/lua-language-server/meta/3rd/love2d/library/love/window.lua , size = 17.920 KB
[11:29:10.071][info] [#0:script/workspace/loading.lua:100]: Preload file at: file:///home/vxy/.config/coc/extensions/coc-lua-data/lua-language-server/meta/3rd/love2d/library/love/audio.lua , size = 33.408 KB
[11:29:10.092][info] [#0:script/workspace/loading.lua:100]: Preload file at: file:///home/vxy/.config/coc/extensions/coc-lua-data/lua-language-server/meta/3rd/love2d/library/love/math.lua , size = 29.761 KB
[11:29:10.112][info] [#0:script/workspace/loading.lua:100]: Preload file at: file:///home/vxy/.config/coc/extensions/coc-lua-data/lua-language-server/meta/3rd/love2d/library/love/event.lua , size = 4.563 KB
[11:29:10.116][info] [#0:script/workspace/loading.lua:100]: Preload file at: file:///home/vxy/.config/coc/extensions/coc-lua-data/lua-language-server/meta/3rd/love2d/library/love/sound.lua , size = 5.808 KB
[11:29:10.120][info] [#0:script/workspace/loading.lua:100]: Preload file at: file:///home/vxy/.config/coc/extensions/coc-lua-data/lua-language-server/meta/3rd/love2d/library/love/font.lua , size = 7.587 KB
[11:29:10.127][info] [#0:script/workspace/loading.lua:100]: Preload file at: file:///home/vxy/.config/coc/extensions/coc-lua-data/lua-language-server/meta/3rd/love2d/library/love/physics.lua , size = 109.345 KB
[11:29:10.271][info] [#0:script/workspace/loading.lua:100]: Preload file at: file:///home/vxy/.config/coc/extensions/coc-lua-data/lua-language-server/meta/3rd/love2d/library/love/image.lua , size = 21.372 KB
[11:29:10.281][info] [#0:script/workspace/loading.lua:100]: Preload file at: file:///home/vxy/.config/coc/extensions/coc-lua-data/lua-language-server/meta/3rd/love2d/library/love/joystick.lua , size = 14.190 KB
[11:29:10.290][info] [#0:script/workspace/loading.lua:100]: Preload file at: file:///home/vxy/.config/coc/extensions/coc-lua-data/lua-language-server/meta/3rd/love2d/library/love/timer.lua , size = 1.727 KB
[11:29:10.292][info] [#0:script/workspace/loading.lua:100]: Preload file at: file:///home/vxy/.config/coc/extensions/coc-lua-data/lua-language-server/meta/3rd/love2d/library/love/graphics.lua , size = 160.018 KB
[11:29:10.390][info] [#0:script/workspace/loading.lua:100]: Preload file at: file:///home/vxy/.config/coc/extensions/coc-lua-data/lua-language-server/meta/3rd/love2d/library/love/video.lua , size = 2.342 KB
[11:29:10.393][info] [#0:script/workspace/loading.lua:100]: Preload file at: file:///home/vxy/.config/coc/extensions/coc-lua-data/lua-language-server/meta/3rd/love2d/library/love/touch.lua , size = 1.456 KB
[11:29:10.395][info] [#0:script/workspace/loading.lua:100]: Preload file at: file:///home/vxy/.config/coc/extensions/coc-lua-data/lua-language-server/meta/3rd/love2d/library/love/data.lua , size = 9.649 KB
[11:29:10.401][info] [#0:script/workspace/loading.lua:100]: Preload file at: file:///home/vxy/.config/coc/extensions/coc-lua-data/lua-language-server/meta/3rd/love2d/library/love/filesystem.lua , size = 22.715 KB
[11:29:10.415][info] [#0:script/workspace/loading.lua:100]: Preload file at: file:///home/vxy/.config/coc/extensions/coc-lua-data/lua-language-server/meta/3rd/love2d/library/love/thread.lua , size = 7.083 KB
[11:29:10.420][info] [#0:script/workspace/loading.lua:100]: Preload file at: file:///home/vxy/.config/coc/extensions/coc-lua-data/lua-language-server/meta/3rd/lfs/library/lfs.lua , size = 7.396 KB
[11:29:10.424][info] [#0:script/workspace/loading.lua:100]: Preload file at: file:///home/vxy/.config/coc/extensions/coc-lua-data/lua-language-server/meta/3rd/luaecs/library/ecs.lua , size = 11.000 KB
[11:29:10.434][info] [#0:script/workspace/loading.lua:100]: Preload file at: file:///home/vxy/.config/coc/extensions/coc-lua-data/lua-language-server/meta/3rd/OpenResty/library/resty/lock.lua , size = 4.964 KB
[11:29:10.437][info] [#0:script/workspace/loading.lua:100]: Preload file at: file:///home/vxy/.config/coc/extensions/coc-lua-data/lua-language-server/meta/3rd/OpenResty/library/resty/sha384.lua , size = 0.178 KB
[11:29:10.438][info] [#0:script/workspace/loading.lua:100]: Preload file at: file:///home/vxy/.config/coc/extensions/coc-lua-data/lua-language-server/meta/3rd/OpenResty/library/resty/websocket/protocol.lua , size = 5.913 KB
[11:29:10.444][info] [#0:script/workspace/loading.lua:100]: Preload file at: file:///home/vxy/.config/coc/extensions/coc-lua-data/lua-language-server/meta/3rd/OpenResty/library/resty/websocket/server.lua , size = 0.455 KB
[11:29:10.445][info] [#0:script/workspace/loading.lua:100]: Preload file at: file:///home/vxy/.config/coc/extensions/coc-lua-data/lua-language-server/meta/3rd/OpenResty/library/resty/websocket/client.lua , size = 2.722 KB
[11:29:10.447][info] [#0:script/workspace/loading.lua:100]: Preload file at: file:///home/vxy/.config/coc/extensions/coc-lua-data/lua-language-server/meta/3rd/OpenResty/library/resty/core.lua , size = 0.103 KB
[11:29:10.447][info] [#0:script/workspace/loading.lua:100]: Preload file at: file:///home/vxy/.config/coc/extensions/coc-lua-data/lua-language-server/meta/3rd/OpenResty/library/resty/sha512.lua , size = 0.178 KB
[11:29:10.448][info] [#0:script/workspace/loading.lua:100]: Preload file at: file:///home/vxy/.config/coc/extensions/coc-lua-data/lua-language-server/meta/3rd/OpenResty/library/resty/core/response.lua , size = 0.179 KB
[11:29:10.449][info] [#0:script/workspace/loading.lua:100]: Preload file at: file:///home/vxy/.config/coc/extensions/coc-lua-data/lua-language-server/meta/3rd/OpenResty/library/resty/core/regex.lua , size = 1.739 KB
[11:29:10.451][info] [#0:script/workspace/loading.lua:100]: Preload file at: file:///home/vxy/.config/coc/extensions/coc-lua-data/lua-language-server/meta/3rd/OpenResty/library/resty/core/misc.lua , size = 0.237 KB
[11:29:10.452][info] [#0:script/workspace/loading.lua:100]: Preload file at: file:///home/vxy/.config/coc/extensions/coc-lua-data/lua-language-server/meta/3rd/OpenResty/library/resty/core/worker.lua , size = 0.124 KB
[11:29:10.452][info] [#0:script/workspace/loading.lua:100]: Preload file at: file:///home/vxy/.config/coc/extensions/coc-lua-data/lua-language-server/meta/3rd/OpenResty/library/resty/core/exit.lua , size = 0.117 KB
[11:29:10.453][info] [#0:script/workspace/loading.lua:100]: Preload file at: file:///home/vxy/.config/coc/extensions/coc-lua-data/lua-language-server/meta/3rd/OpenResty/library/resty/core/base.lua , size = 1.157 KB
[11:29:10.455][info] [#0:script/workspace/loading.lua:100]: Preload file at: file:///home/vxy/.config/coc/extensions/coc-lua-data/lua-language-server/meta/3rd/OpenResty/library/resty/core/utils.lua , size = 0.271 KB
[11:29:10.456][info] [#0:script/workspace/loading.lua:100]: Preload file at: file:///home/vxy/.config/coc/extensions/coc-lua-data/lua-language-server/meta/3rd/OpenResty/library/resty/core/shdict.lua , size = 0.123 KB
[11:29:10.457][info] [#0:script/workspace/loading.lua:100]: Preload file at: file:///home/vxy/.config/coc/extensions/coc-lua-data/lua-language-server/meta/3rd/OpenResty/library/resty/core/var.lua , size = 0.114 KB
[11:29:10.457][info] [#0:script/workspace/loading.lua:100]: Preload file at: file:///home/vxy/.config/coc/extensions/coc-lua-data/lua-language-server/meta/3rd/OpenResty/library/resty/core/base64.lua , size = 0.123 KB
[11:29:10.458][info] [#0:script/workspace/loading.lua:100]: Preload file at: file:///home/vxy/.config/coc/extensions/coc-lua-data/lua-language-server/meta/3rd/OpenResty/library/resty/core/hash.lua , size = 0.117 KB
[11:29:10.458][info] [#0:script/workspace/loading.lua:100]: Preload file at: file:///home/vxy/.config/coc/extensions/coc-lua-data/lua-language-server/meta/3rd/OpenResty/library/resty/core/phase.lua , size = 0.120 KB
[11:29:10.459][info] [#0:script/workspace/loading.lua:100]: Preload file at: file:///home/vxy/.config/coc/extensions/coc-lua-data/lua-language-server/meta/3rd/OpenResty/library/resty/core/time.lua , size = 0.117 KB
[11:29:10.459][info] [#0:script/workspace/loading.lua:100]: Preload file at: file:///home/vxy/.config/coc/extensions/coc-lua-data/lua-language-server/meta/3rd/OpenResty/library/resty/core/uri.lua , size = 0.114 KB
[11:29:10.460][info] [#0:script/workspace/loading.lua:100]: Preload file at: file:///home/vxy/.config/coc/extensions/coc-lua-data/lua-language-server/meta/3rd/OpenResty/library/resty/core/ctx.lua , size = 0.200 KB
[11:29:10.461][info] [#0:script/workspace/loading.lua:100]: Preload file at: file:///home/vxy/.config/coc/extensions/coc-lua-data/lua-language-server/meta/3rd/OpenResty/library/resty/core/ndk.lua , size = 0.114 KB
[11:29:10.462][info] [#0:script/workspace/loading.lua:100]: Preload file at: file:///home/vxy/.config/coc/extensions/coc-lua-data/lua-language-server/meta/3rd/OpenResty/library/resty/core/request.lua , size = 0.194 KB
[11:29:10.462][info] [#0:script/workspace/loading.lua:100]: Preload file at: file:///home/vxy/.config/coc/extensions/coc-lua-data/lua-language-server/meta/3rd/OpenResty/library/resty/string.lua , size = 1.472 KB
[11:29:10.464][info] [#0:script/workspace/loading.lua:100]: Preload file at: file:///home/vxy/.config/coc/extensions/coc-lua-data/lua-language-server/meta/3rd/OpenResty/library/resty/shell.lua , size = 2.403 KB
[11:29:10.467][info] [#0:script/workspace/loading.lua:100]: Preload file at: file:///home/vxy/.config/coc/extensions/coc-lua-data/lua-language-server/meta/3rd/OpenResty/library/resty/aes.lua , size = 1.878 KB
[11:29:10.469][info] [#0:script/workspace/loading.lua:100]: Preload file at: file:///home/vxy/.config/coc/extensions/coc-lua-data/lua-language-server/meta/3rd/OpenResty/library/resty/random.lua , size = 0.170 KB
[11:29:10.470][info] [#0:script/workspace/loading.lua:100]: Preload file at: file:///home/vxy/.config/coc/extensions/coc-lua-data/lua-language-server/meta/3rd/OpenResty/library/resty/mysql.lua , size = 0.560 KB
[11:29:10.471][info] [#0:script/workspace/loading.lua:100]: Preload file at: file:///home/vxy/.config/coc/extensions/coc-lua-data/lua-language-server/meta/3rd/OpenResty/library/resty/upload.lua , size = 0.226 KB
[11:29:10.471][info] [#0:script/workspace/loading.lua:100]: Preload file at: file:///home/vxy/.config/coc/extensions/coc-lua-data/lua-language-server/meta/3rd/OpenResty/library/resty/sha.lua , size = 0.099 KB
[11:29:10.472][info] [#0:script/workspace/loading.lua:100]: Preload file at: file:///home/vxy/.config/coc/extensions/coc-lua-data/lua-language-server/meta/3rd/OpenResty/library/resty/signal.lua , size = 1.631 KB
[11:29:10.474][info] [#0:script/workspace/loading.lua:100]: Preload file at: file:///home/vxy/.config/coc/extensions/coc-lua-data/lua-language-server/meta/3rd/OpenResty/library/resty/limit/count.lua , size = 0.258 KB
[11:29:10.475][info] [#0:script/workspace/loading.lua:100]: Preload file at: file:///home/vxy/.config/coc/extensions/coc-lua-data/lua-language-server/meta/3rd/OpenResty/library/resty/limit/conn.lua , size = 0.479 KB
[11:29:10.475][info] [#0:script/workspace/loading.lua:100]: Preload file at: file:///home/vxy/.config/coc/extensions/coc-lua-data/lua-language-server/meta/3rd/OpenResty/library/resty/limit/traffic.lua , size = 0.160 KB
[11:29:10.476][info] [#0:script/workspace/loading.lua:100]: Preload file at: file:///home/vxy/.config/coc/extensions/coc-lua-data/lua-language-server/meta/3rd/OpenResty/library/resty/limit/req.lua , size = 0.344 KB
[11:29:10.477][info] [#0:script/workspace/loading.lua:100]: Preload file at: file:///home/vxy/.config/coc/extensions/coc-lua-data/lua-language-server/meta/3rd/OpenResty/library/resty/md5.lua , size = 0.353 KB
[11:29:10.478][info] [#0:script/workspace/loading.lua:100]: Preload file at: file:///home/vxy/.config/coc/extensions/coc-lua-data/lua-language-server/meta/3rd/OpenResty/library/resty/upstream/healthcheck.lua , size = 0.229 KB
[11:29:10.479][info] [#0:script/workspace/loading.lua:100]: Preload file at: file:///home/vxy/.config/coc/extensions/coc-lua-data/lua-language-server/meta/3rd/OpenResty/library/resty/memcached.lua , size = 1.190 KB
[11:29:10.480][info] [#0:script/workspace/loading.lua:100]: Preload file at: file:///home/vxy/.config/coc/extensions/coc-lua-data/lua-language-server/meta/3rd/OpenResty/library/resty/sha256.lua , size = 0.178 KB
[11:29:10.481][info] [#0:script/workspace/loading.lua:100]: Preload file at: file:///home/vxy/.config/coc/extensions/coc-lua-data/lua-language-server/meta/3rd/OpenResty/library/resty/sha1.lua , size = 0.166 KB
[11:29:10.482][info] [#0:script/workspace/loading.lua:100]: Preload file at: file:///home/vxy/.config/coc/extensions/coc-lua-data/lua-language-server/meta/3rd/OpenResty/library/resty/sha224.lua , size = 0.178 KB
[11:29:10.482][info] [#0:script/workspace/loading.lua:100]: Preload file at: file:///home/vxy/.config/coc/extensions/coc-lua-data/lua-language-server/meta/3rd/OpenResty/library/resty/dns/resolver.lua , size = 15.560 KB
[11:29:10.491][info] [#0:script/workspace/loading.lua:100]: Preload file at: file:///home/vxy/.config/coc/extensions/coc-lua-data/lua-language-server/meta/3rd/OpenResty/library/resty/lrucache/pureffi.lua , size = 0.838 KB
[11:29:10.493][info] [#0:script/workspace/loading.lua:100]: Preload file at: file:///home/vxy/.config/coc/extensions/coc-lua-data/lua-language-server/meta/3rd/OpenResty/library/resty/lrucache.lua , size = 3.297 KB
[11:29:10.499][info] [#0:script/workspace/loading.lua:100]: Preload file at: file:///home/vxy/.config/coc/extensions/coc-lua-data/lua-language-server/meta/3rd/OpenResty/library/resty/redis.lua , size = 1.965 KB
[11:29:10.502][info] [#0:script/library.lua:550]: Found 3rd library by word: 	([%w_]?)require[%s%("']+bee%.%w+[%)"']([%w_]?)	file:///home/vxy/.config/coc/extensions/coc-lua-data/lua-language-server/debugger.lua	${3rd}/bee/library	{}
[11:29:10.503][info] [#0:script/client.lua:132]: requestMessage	Info	Do you need to configure your work environment as `bee`?
[11:29:10.506][info] [#0:script/workspace/loading.lua:100]: Preload file at: file:///home/vxy/.config/coc/extensions/coc-lua-data/lua-language-server/meta/3rd/OpenResty/library/ngx.lua , size = 174.948 KB
[11:29:10.608][warn] [#0:script/files.lua:704]: Compile [file:///home/vxy/.config/coc/extensions/coc-lua-data/lua-language-server/meta/3rd/OpenResty/library/ngx.lua] takes [0.101] sec, size [179.147] kb.
[11:29:10.685][info] [#0:script/workspace/loading.lua:100]: Preload file at: file:///home/vxy/.config/coc/extensions/coc-lua-data/lua-language-server/meta/3rd/OpenResty/library/prometheus.lua , size = 10.335 KB
[11:29:10.713][info] [#0:script/workspace/loading.lua:100]: Preload file at: file:///home/vxy/.config/coc/extensions/coc-lua-data/lua-language-server/meta/3rd/OpenResty/library/cjson.lua , size = 16.269 KB
[11:29:10.740][info] [#0:script/workspace/loading.lua:100]: Preload file at: file:///home/vxy/.config/coc/extensions/coc-lua-data/lua-language-server/meta/3rd/OpenResty/library/cjson/safe.lua , size = 1.151 KB
[11:29:10.763][info] [#0:script/workspace/loading.lua:100]: Preload file at: file:///home/vxy/.config/coc/extensions/coc-lua-data/lua-language-server/meta/3rd/OpenResty/library/ngx/ocsp.lua , size = 3.444 KB
[11:29:10.784][info] [#0:script/workspace/loading.lua:100]: Preload file at: file:///home/vxy/.config/coc/extensions/coc-lua-data/lua-language-server/meta/3rd/OpenResty/library/ngx/re.lua , size = 3.663 KB
[11:29:10.831][info] [#0:script/workspace/loading.lua:100]: Preload file at: file:///home/vxy/.config/coc/extensions/coc-lua-data/lua-language-server/meta/3rd/OpenResty/library/ngx/pipe.lua , size = 13.127 KB
[11:29:10.856][info] [#0:script/library.lua:550]: Found 3rd library by word: 	([%w_]?)lovr%.%w+([%w_]?)	file:///home/vxy/.config/coc/extensions/coc-lua-data/lua-language-server/meta/3rd/lovr/library/lovr/system.lua	${3rd}/lovr/library	{}
[11:29:10.856][info] [#0:script/client.lua:132]: requestMessage	Info	Do you need to configure your work environment as `LVR`?
[11:29:10.857][info] [#0:script/library.lua:550]: Found 3rd library by word: 	([%w_]?)lovr%.%w+([%w_]?)	file:///home/vxy/.config/coc/extensions/coc-lua-data/lua-language-server/meta/3rd/lovr/library/lovr/audio.lua	${3rd}/lovr/library	{}
[11:29:10.884][info] [#0:script/workspace/loading.lua:100]: Preload file at: file:///home/vxy/.config/coc/extensions/coc-lua-data/lua-language-server/meta/3rd/OpenResty/library/ngx/ssl.lua , size = 11.337 KB
[11:29:10.908][info] [#0:script/library.lua:550]: Found 3rd library by word: 	([%w_]?)lovr%.%w+([%w_]?)	file:///home/vxy/.config/coc/extensions/coc-lua-data/lua-language-server/meta/3rd/lovr/library/lovr/math.lua	${3rd}/lovr/library	{}
[11:29:10.942][info] [#0:script/workspace/loading.lua:100]: Preload file at: file:///home/vxy/.config/coc/extensions/coc-lua-data/lua-language-server/meta/3rd/OpenResty/library/ngx/base64.lua , size = 0.543 KB
[11:29:11.008][info] [#0:script/workspace/loading.lua:100]: Preload file at: file:///home/vxy/.config/coc/extensions/coc-lua-data/lua-language-server/meta/3rd/OpenResty/library/ngx/ssl/session.lua , size = 2.009 KB
[11:29:11.083][info] [#0:script/workspace/loading.lua:100]: Preload file at: file:///home/vxy/.config/coc/extensions/coc-lua-data/lua-language-server/meta/3rd/OpenResty/library/ngx/ssl/clienthello.lua , size = 3.490 KB
[11:29:11.174][info] [#0:script/workspace/loading.lua:100]: Preload file at: file:///home/vxy/.config/coc/extensions/coc-lua-data/lua-language-server/meta/3rd/OpenResty/library/ngx/balancer.lua , size = 5.385 KB
[11:29:11.217][info] [#0:script/library.lua:550]: Found 3rd library by word: 	([%w_]?)love%.%w+([%w_]?)	file:///home/vxy/.config/coc/extensions/coc-lua-data/lua-language-server/meta/3rd/love2d/library/love.lua	${3rd}/love2d/library	{}
[11:29:11.218][info] [#0:script/client.lua:132]: requestMessage	Info	Do you need to configure your work environment as `LVE`?
[11:29:11.219][info] [#0:script/library.lua:550]: Found 3rd library by word: 	([%w_]?)love%.%w+([%w_]?)	file:///home/vxy/.config/coc/extensions/coc-lua-data/lua-language-server/meta/3rd/love2d/library/love/keyboard.lua	${3rd}/love2d/library	{}
[11:29:11.254][info] [#0:script/library.lua:550]: Found 3rd library by word: 	([%w_]?)love%.%w+([%w_]?)	file:///home/vxy/.config/coc/extensions/coc-lua-data/lua-language-server/meta/3rd/love2d/library/love/system.lua	${3rd}/love2d/library	{}
[11:29:11.255][info] [#0:script/library.lua:550]: Found 3rd library by word: 	([%w_]?)love%.%w+([%w_]?)	file:///home/vxy/.config/coc/extensions/coc-lua-data/lua-language-server/meta/3rd/love2d/library/love/mouse.lua	${3rd}/love2d/library	{}
[11:29:11.255][info] [#0:script/library.lua:550]: Found 3rd library by word: 	([%w_]?)love%.%w+([%w_]?)	file:///home/vxy/.config/coc/extensions/coc-lua-data/lua-language-server/meta/3rd/love2d/library/love/window.lua	${3rd}/love2d/library	{}
[11:29:11.266][info] [#0:script/workspace/loading.lua:100]: Preload file at: file:///home/vxy/.config/coc/extensions/coc-lua-data/lua-language-server/meta/3rd/OpenResty/library/ngx/semaphore.lua , size = 2.218 KB
[11:29:11.268][info] [#0:script/library.lua:550]: Found 3rd library by word: 	([%w_]?)love%.%w+([%w_]?)	file:///home/vxy/.config/coc/extensions/coc-lua-data/lua-language-server/meta/3rd/love2d/library/love/audio.lua	${3rd}/love2d/library	{}
[11:29:11.268][info] [#0:script/library.lua:550]: Found 3rd library by word: 	([%w_]?)love%.%w+([%w_]?)	file:///home/vxy/.config/coc/extensions/coc-lua-data/lua-language-server/meta/3rd/love2d/library/love/math.lua	${3rd}/love2d/library	{}
[11:29:11.268][info] [#0:script/library.lua:550]: Found 3rd library by word: 	([%w_]?)love%.%w+([%w_]?)	file:///home/vxy/.config/coc/extensions/coc-lua-data/lua-language-server/meta/3rd/love2d/library/love/event.lua	${3rd}/love2d/library	{}
[11:29:11.269][info] [#0:script/library.lua:550]: Found 3rd library by word: 	([%w_]?)love%.%w+([%w_]?)	file:///home/vxy/.config/coc/extensions/coc-lua-data/lua-language-server/meta/3rd/love2d/library/love/sound.lua	${3rd}/love2d/library	{}
[11:29:11.269][info] [#0:script/library.lua:550]: Found 3rd library by word: 	([%w_]?)love%.%w+([%w_]?)	file:///home/vxy/.config/coc/extensions/coc-lua-data/lua-language-server/meta/3rd/love2d/library/love/font.lua	${3rd}/love2d/library	{}
[11:29:11.269][info] [#0:script/library.lua:550]: Found 3rd library by word: 	([%w_]?)love%.%w+([%w_]?)	file:///home/vxy/.config/coc/extensions/coc-lua-data/lua-language-server/meta/3rd/love2d/library/love/physics.lua	${3rd}/love2d/library	{}
[11:29:11.269][info] [#0:script/library.lua:550]: Found 3rd library by word: 	([%w_]?)love%.%w+([%w_]?)	file:///home/vxy/.config/coc/extensions/coc-lua-data/lua-language-server/meta/3rd/love2d/library/love/image.lua	${3rd}/love2d/library	{}
[11:29:11.331][info] [#0:script/workspace/loading.lua:100]: Preload file at: file:///home/vxy/.config/coc/extensions/coc-lua-data/lua-language-server/meta/3rd/OpenResty/library/ngx/errlog.lua , size = 4.446 KB
